<?xml version="1.0" encoding="UTF-8"?>
<testng-results ignored="0" total="1" passed="1" failed="0" skipped="0">
  <reporter-output>
  </reporter-output>
  <suite started-at="2020-10-01T22:12:49Z" name="BDD Test Suite" finished-at="2020-10-01T22:13:02Z" duration-ms="13765">
    <groups>
      <group name="cucumber">
        <method signature="TestRunner.feature(cucumber.api.testng.CucumberFeatureWrapper)[pri:0, instance:MyRunner.TestRunner@3c0a50da]" name="feature" class="MyRunner.TestRunner"/>
      </group> <!-- cucumber -->
    </groups>
    <test started-at="2020-10-01T22:12:49Z" name="FREE CRM Test" finished-at="2020-10-01T22:13:02Z" duration-ms="13765">
      <class name="MyRunner.TestRunner">
        <test-method is-config="true" signature="setUpClass()[pri:0, instance:MyRunner.TestRunner@3c0a50da]" started-at="2020-10-01T22:12:49Z" name="setUpClass" finished-at="2020-10-01T22:12:49Z" duration-ms="209" status="PASS">
          <reporter-output>
          </reporter-output>
        </test-method> <!-- setUpClass -->
        <test-method signature="feature(cucumber.api.testng.CucumberFeatureWrapper)[pri:0, instance:MyRunner.TestRunner@3c0a50da]" started-at="2020-10-01T22:12:49Z" name="feature" description="Runs Cucumber Feature" data-provider="features" finished-at="2020-10-01T22:13:02Z" duration-ms="13463" status="PASS">
          <params>
            <param index="0">
              <value>
                <![CDATA[Free CRM Login Feature]]>
              </value>
            </param>
          </params>
          <reporter-output>
          </reporter-output>
        </test-method> <!-- feature -->
        <test-method is-config="true" signature="tearDownClass()[pri:0, instance:MyRunner.TestRunner@3c0a50da]" started-at="2020-10-01T22:13:02Z" name="tearDownClass" finished-at="2020-10-01T22:13:02Z" duration-ms="15" status="PASS">
          <reporter-output>
          </reporter-output>
        </test-method> <!-- tearDownClass -->
      </class> <!-- MyRunner.TestRunner -->
    </test> <!-- FREE CRM Test -->
  </suite> <!-- BDD Test Suite -->
</testng-results>
