<?xml version="1.0" encoding="UTF-8"?>
<testng-results skipped="0" failed="0" ignored="0" total="1" passed="1">
  <reporter-output>
  </reporter-output>
  <suite name="Default suite" duration-ms="7879" started-at="2020-10-01T22:14:48Z" finished-at="2020-10-01T22:14:56Z">
    <groups>
    </groups>
    <test name="Default test" duration-ms="7879" started-at="2020-10-01T22:14:48Z" finished-at="2020-10-01T22:14:56Z">
      <class name="com.tests.LoginTest">
        <test-method status="PASS" signature="setup()[pri:0, instance:com.tests.LoginTest@6e0dec4a]" name="setup" is-config="true" duration-ms="7167" started-at="2020-10-01T22:14:48Z" finished-at="2020-10-01T22:14:56Z">
          <reporter-output>
          </reporter-output>
        </test-method> <!-- setup -->
        <test-method status="PASS" signature="freeCrmTitleTest()[pri:1, instance:com.tests.LoginTest@6e0dec4a]" name="freeCrmTitleTest" duration-ms="16" started-at="2020-10-01T22:14:56Z" finished-at="2020-10-01T22:14:56Z">
          <reporter-output>
          </reporter-output>
        </test-method> <!-- freeCrmTitleTest -->
        <test-method status="PASS" signature="tearDown()[pri:0, instance:com.tests.LoginTest@6e0dec4a]" name="tearDown" is-config="true" duration-ms="672" started-at="2020-10-01T22:14:56Z" finished-at="2020-10-01T22:14:56Z">
          <reporter-output>
          </reporter-output>
        </test-method> <!-- tearDown -->
      </class> <!-- com.tests.LoginTest -->
    </test> <!-- Default test -->
  </suite> <!-- Default suite -->
</testng-results>
